<?xml version="1.0" encoding="UTF-8"?>
<testng-results ignored="0" total="1" passed="1" failed="0" skipped="0">
  <reporter-output>
  </reporter-output>
  <suite started-at="2021-10-23T13:20:24 IST" name="Suite" finished-at="2021-10-23T13:20:24 IST" duration-ms="31">
    <groups>
    </groups>
    <test started-at="2021-10-23T13:20:24 IST" name="Test" finished-at="2021-10-23T13:20:24 IST" duration-ms="31">
      <class name="com.testNG.TestNgbasicss">
        <test-method is-config="true" signature="launchB()[pri:0, instance:com.testNG.TestNgbasicss@611889f4]" started-at="2021-10-23T13:20:24 IST" name="launchB" finished-at="2021-10-23T13:20:24 IST" duration-ms="6" status="PASS">
          <reporter-output>
          </reporter-output>
        </test-method> <!-- launchB -->
        <test-method is-config="true" signature="login()[pri:0, instance:com.testNG.TestNgbasicss@611889f4]" started-at="2021-10-23T13:20:24 IST" name="login" finished-at="2021-10-23T13:20:24 IST" duration-ms="0" status="PASS">
          <reporter-output>
          </reporter-output>
        </test-method> <!-- login -->
        <test-method is-config="true" signature="launchBrowser()[pri:0, instance:com.testNG.TestNgbasicss@611889f4]" started-at="2021-10-23T13:20:24 IST" name="launchBrowser" finished-at="2021-10-23T13:20:24 IST" duration-ms="0" status="PASS">
          <reporter-output>
          </reporter-output>
        </test-method> <!-- launchBrowser -->
        <test-method is-config="true" signature="enterUrl()[pri:0, instance:com.testNG.TestNgbasicss@611889f4]" started-at="2021-10-23T13:20:24 IST" name="enterUrl" finished-at="2021-10-23T13:20:24 IST" duration-ms="0" status="PASS">
          <reporter-output>
          </reporter-output>
        </test-method> <!-- enterUrl -->
        <test-method signature="googlrTitleTest()[pri:0, instance:com.testNG.TestNgbasicss@611889f4]" started-at="2021-10-23T13:20:24 IST" name="googlrTitleTest" finished-at="2021-10-23T13:20:24 IST" duration-ms="4" status="PASS">
          <reporter-output>
          </reporter-output>
        </test-method> <!-- googlrTitleTest -->
        <test-method is-config="true" signature="logOut()[pri:0, instance:com.testNG.TestNgbasicss@611889f4]" started-at="2021-10-23T13:20:24 IST" name="logOut" finished-at="2021-10-23T13:20:24 IST" duration-ms="0" status="PASS">
          <reporter-output>
          </reporter-output>
        </test-method> <!-- logOut -->
        <test-method is-config="true" signature="closeBrowser()[pri:0, instance:com.testNG.TestNgbasicss@611889f4]" started-at="2021-10-23T13:20:24 IST" name="closeBrowser" finished-at="2021-10-23T13:20:24 IST" duration-ms="0" status="PASS">
          <reporter-output>
          </reporter-output>
        </test-method> <!-- closeBrowser -->
        <test-method is-config="true" signature="deleteAllCookies()[pri:0, instance:com.testNG.TestNgbasicss@611889f4]" started-at="2021-10-23T13:20:24 IST" name="deleteAllCookies" finished-at="2021-10-23T13:20:24 IST" duration-ms="0" status="PASS">
          <reporter-output>
          </reporter-output>
        </test-method> <!-- deleteAllCookies -->
        <test-method is-config="true" signature="launchBro()[pri:0, instance:com.testNG.TestNgbasicss@611889f4]" started-at="2021-10-23T13:20:24 IST" name="launchBro" finished-at="2021-10-23T13:20:24 IST" duration-ms="0" status="PASS">
          <reporter-output>
          </reporter-output>
        </test-method> <!-- launchBro -->
      </class> <!-- com.testNG.TestNgbasicss -->
    </test> <!-- Test -->
  </suite> <!-- Suite -->
</testng-results>
